<?xml version="1.0" encoding="UTF-8"?>
<testsuite name="Cucumber" time="0.301" tests="1" skipped="0" failures="1" errors="0">
<testcase classname="go to the login page" name="user navigates to login page" time="0.024">
<failure/>
<system-out><![CDATA[
Given user is on the login page.............................................passed
When user enters username and password......................................passed
And clicks on login button..................................................passed
Then user is navigated to homepage..........................................undefined
]]></system-out>
</testcase>
</testsuite>
